#
# There is insufficient memory for the Java Runtime Environment to continue.
# Native memory allocation (malloc) failed to allocate 728096 bytes for Chunk::new
# Possible reasons:
#   The system is out of physical RAM or swap space
#   The process is running with CompressedOops enabled, and the Java Heap may be blocking the growth of the native heap
# Possible solutions:
#   Reduce memory load on the system
#   Increase physical memory or swap space
#   Check if swap backing store is full
#   Decrease Java heap size (-Xmx/-Xms)
#   Decrease number of Java threads
#   Decrease Java thread stack sizes (-Xss)
#   Set larger code cache with -XX:ReservedCodeCacheSize=
#   JVM is running with Unscaled Compressed Oops mode in which the Java heap is
#     placed in the first 4GB address space. The Java Heap base address is the
#     maximum limit for the native heap growth. Please use -XX:HeapBaseMinAddress
#     to set the Java Heap base and to place the Java Heap above 4GB virtual address.
# This output file may be truncated or incomplete.
#
#  Out of Memory Error (allocation.cpp:390), pid=16336, tid=0x0000000000002910
#
# JRE version: Java(TM) SE Runtime Environment (8.0_201-b09) (build 1.8.0_201-b09)
# Java VM: Java HotSpot(TM) 64-Bit Server VM (25.201-b09 mixed mode windows-amd64 compressed oops)
# Failed to write core dump. Minidumps are not enabled by default on client versions of Windows
#

---------------  T H R E A D  ---------------

Current thread (0x0000000019a78800):  JavaThread "C2 CompilerThread2" daemon [_thread_in_native, id=10512, stack(0x000000001a420000,0x000000001a520000)]

Stack: [0x000000001a420000,0x000000001a520000]
[error occurred during error reporting (printing stack bounds), id 0xc0000005]

Native frames: (J=compiled Java code, j=interpreted, Vv=VM code, C=native code)


Current CompileTask:
C2:   5462 1853       4       org.eclipse.sisu.plexus.RealmFilteredBeans$FilteredItr::hasNext (81 bytes)


---------------  P R O C E S S  ---------------

Java Threads: ( => current thread )
  0x0000000019ae1800 JavaThread "Service Thread" daemon [_thread_blocked, id=18688, stack(0x000000001a620000,0x000000001a720000)]
  0x0000000019ab7000 JavaThread "C1 CompilerThread3" daemon [_thread_in_native, id=21580, stack(0x000000001a520000,0x000000001a620000)]
=>0x0000000019a78800 JavaThread "C2 CompilerThread2" daemon [_thread_in_native, id=10512, stack(0x000000001a420000,0x000000001a520000)]
  0x0000000019a54000 JavaThread "C2 CompilerThread1" daemon [_thread_in_native, id=768, stack(0x000000001a320000,0x000000001a420000)]
  0x0000000019a4a800 JavaThread "C2 CompilerThread0" daemon [_thread_in_native, id=25080, stack(0x000000001a220000,0x000000001a320000)]
  0x0000000019a48800 JavaThread "Attach Listener" daemon [_thread_blocked, id=19172, stack(0x000000001a120000,0x000000001a220000)]
  0x0000000019a47000 JavaThread "Signal Dispatcher" daemon [_thread_blocked, id=3772, stack(0x000000001a020000,0x000000001a120000)]
  0x0000000002c89000 JavaThread "Finalizer" daemon [_thread_blocked, id=12544, stack(0x0000000019e20000,0x0000000019f20000)]
  0x0000000002c88000 JavaThread "Reference Handler" daemon [_thread_blocked, id=1860, stack(0x0000000019920000,0x0000000019a20000)]
  0x0000000002a8e800 JavaThread "main" [_thread_in_vm, id=23308, stack(0x0000000002a90000,0x0000000002b90000)]

Other Threads:
  0x0000000017b39800 VMThread [stack: 0x0000000019820000,0x0000000019920000] [id=1408]
  0x0000000019ae3000 WatcherThread [stack: 0x000000001a720000,0x000000001a820000] [id=21296]

VM state:not at safepoint (normal execution)

VM Mutex/Monitor currently owned by a thread: None

heap address: 0x0000000083000000, size: 2000 MB, Compressed Oops mode: 32-bit
Narrow klass base: 0x0000000000000000, Narrow klass shift: 3
Compressed class space size: 1073741824 Address: 0x0000000100000000

Heap:
 PSYoungGen      total 37888K, used 24975K [0x00000000d6580000, 0x00000000da200000, 0x0000000100000000)
  eden space 32768K, 60% used [0x00000000d6580000,0x00000000d78eba30,0x00000000d8580000)
  from space 5120K, 99% used [0x00000000d8580000,0x00000000d8a781f8,0x00000000d8a80000)
  to   space 5120K, 0% used [0x00000000d9d00000,0x00000000d9d00000,0x00000000da200000)
 ParOldGen       total 48128K, used 2713K [0x0000000083000000, 0x0000000085f00000, 0x00000000d6580000)
  object space 48128K, 5% used [0x0000000083000000,0x00000000832a6580,0x0000000085f00000)
 Metaspace       used 14491K, capacity 14702K, committed 14976K, reserved 1062912K
  class space    used 1802K, capacity 1905K, committed 1920K, reserved 1048576K

Card table byte_map: [0x0000000012050000,0x0000000012440000] byte_map_base: 0x0000000011c38000

Marking Bits: (ParMarkBitMap*) 0x0000000059fb4ce0
 Begin Bits: [0x0000000012ee0000, 0x0000000014e20000)
 End Bits:   [0x0000000014e20000, 0x0000000016d60000)

Polling page: 0x0000000000d00000

CodeCache: size=245760Kb used=6232Kb max_used=6232Kb free=239527Kb
 bounds [0x0000000002c90000, 0x00000000032b0000, 0x0000000011c90000]
 total_blobs=2245 nmethods=1885 adapters=268
 compilation: enabled

Compilation events (10 events):
Event: 5.443 Thread 0x0000000019ab7000 nmethod 1885 0x000000000329aa90 code [0x000000000329ac00, 0x000000000329ada8]
Event: 5.443 Thread 0x0000000019ab7000 1883       1       sun.reflect.ClassFileAssembler::getStack (5 bytes)
Event: 5.443 Thread 0x0000000019ab7000 nmethod 1883 0x000000000329ae50 code [0x000000000329afa0, 0x000000000329b0b0]
Event: 5.443 Thread 0x0000000019ab7000 1886       3       org.codehaus.plexus.interpolation.reflection.ReflectionValueExtractor$Tokenizer::peekChar (30 bytes)
Event: 5.444 Thread 0x0000000019ab7000 nmethod 1886 0x000000000329b110 code [0x000000000329b2a0, 0x000000000329b768]
Event: 5.447 Thread 0x0000000019ab7000 1889       1       org.apache.maven.model.ConfigurationContainer::getInherited (5 bytes)
Event: 5.447 Thread 0x0000000019ab7000 nmethod 1889 0x000000000329b950 code [0x000000000329baa0, 0x000000000329bbb0]
Event: 5.447 Thread 0x0000000019ab7000 1890       1       org.apache.maven.model.ConfigurationContainer::getConfiguration (5 bytes)
Event: 5.447 Thread 0x0000000019ab7000 nmethod 1890 0x000000000329bc10 code [0x000000000329bd60, 0x000000000329be70]
Event: 5.455 Thread 0x0000000019ab7000 1892       3       org.codehaus.plexus.util.xml.pull.MXParser::nextImpl (1202 bytes)

GC Heap History (8 events):
Event: 2.234 GC heap before
{Heap before GC invocations=1 (full 0):
 PSYoungGen      total 37888K, used 32768K [0x00000000d6580000, 0x00000000d8f80000, 0x0000000100000000)
  eden space 32768K, 100% used [0x00000000d6580000,0x00000000d8580000,0x00000000d8580000)
  from space 5120K, 0% used [0x00000000d8a80000,0x00000000d8a80000,0x00000000d8f80000)
  to   space 5120K, 0% used [0x00000000d8580000,0x00000000d8580000,0x00000000d8a80000)
 ParOldGen       total 86016K, used 0K [0x0000000083000000, 0x0000000088400000, 0x00000000d6580000)
  object space 86016K, 0% used [0x0000000083000000,0x0000000083000000,0x0000000088400000)
 Metaspace       used 8322K, capacity 8500K, committed 8576K, reserved 1056768K
  class space    used 1028K, capacity 1112K, committed 1152K, reserved 1048576K
Event: 2.244 GC heap after
Heap after GC invocations=1 (full 0):
 PSYoungGen      total 37888K, used 5114K [0x00000000d6580000, 0x00000000d8f80000, 0x0000000100000000)
  eden space 32768K, 0% used [0x00000000d6580000,0x00000000d6580000,0x00000000d8580000)
  from space 5120K, 99% used [0x00000000d8580000,0x00000000d8a7ebc8,0x00000000d8a80000)
  to   space 5120K, 0% used [0x00000000d8a80000,0x00000000d8a80000,0x00000000d8f80000)
 ParOldGen       total 86016K, used 8K [0x0000000083000000, 0x0000000088400000, 0x00000000d6580000)
  object space 86016K, 0% used [0x0000000083000000,0x0000000083002000,0x0000000088400000)
 Metaspace       used 8322K, capacity 8500K, committed 8576K, reserved 1056768K
  class space    used 1028K, capacity 1112K, committed 1152K, reserved 1048576K
}
Event: 2.384 GC heap before
{Heap before GC invocations=2 (full 0):
 PSYoungGen      total 37888K, used 10036K [0x00000000d6580000, 0x00000000d8f80000, 0x0000000100000000)
  eden space 32768K, 15% used [0x00000000d6580000,0x00000000d6a4e770,0x00000000d8580000)
  from space 5120K, 99% used [0x00000000d8580000,0x00000000d8a7ebc8,0x00000000d8a80000)
  to   space 5120K, 0% used [0x00000000d8a80000,0x00000000d8a80000,0x00000000d8f80000)
 ParOldGen       total 86016K, used 8K [0x0000000083000000, 0x0000000088400000, 0x00000000d6580000)
  object space 86016K, 0% used [0x0000000083000000,0x0000000083002000,0x0000000088400000)
 Metaspace       used 8655K, capacity 8788K, committed 8832K, reserved 1060864K
  class space    used 1071K, capacity 1144K, committed 1152K, reserved 1048576K
Event: 2.388 GC heap after
Heap after GC invocations=2 (full 0):
 PSYoungGen      total 37888K, used 2348K [0x00000000d6580000, 0x00000000d8f80000, 0x0000000100000000)
  eden space 32768K, 0% used [0x00000000d6580000,0x00000000d6580000,0x00000000d8580000)
  from space 5120K, 45% used [0x00000000d8a80000,0x00000000d8ccb060,0x00000000d8f80000)
  to   space 5120K, 0% used [0x00000000d8580000,0x00000000d8580000,0x00000000d8a80000)
 ParOldGen       total 86016K, used 16K [0x0000000083000000, 0x0000000088400000, 0x00000000d6580000)
  object space 86016K, 0% used [0x0000000083000000,0x0000000083004000,0x0000000088400000)
 Metaspace       used 8655K, capacity 8788K, committed 8832K, reserved 1060864K
  class space    used 1071K, capacity 1144K, committed 1152K, reserved 1048576K
}
Event: 2.388 GC heap before
{Heap before GC invocations=3 (full 1):
 PSYoungGen      total 37888K, used 2348K [0x00000000d6580000, 0x00000000d8f80000, 0x0000000100000000)
  eden space 32768K, 0% used [0x00000000d6580000,0x00000000d6580000,0x00000000d8580000)
  from space 5120K, 45% used [0x00000000d8a80000,0x00000000d8ccb060,0x00000000d8f80000)
  to   space 5120K, 0% used [0x00000000d8580000,0x00000000d8580000,0x00000000d8a80000)
 ParOldGen       total 86016K, used 16K [0x0000000083000000, 0x0000000088400000, 0x00000000d6580000)
  object space 86016K, 0% used [0x0000000083000000,0x0000000083004000,0x0000000088400000)
 Metaspace       used 8655K, capacity 8788K, committed 8832K, reserved 1060864K
  class space    used 1071K, capacity 1144K, committed 1152K, reserved 1048576K
Event: 2.412 GC heap after
Heap after GC invocations=3 (full 1):
 PSYoungGen      total 37888K, used 0K [0x00000000d6580000, 0x00000000d8f80000, 0x0000000100000000)
  eden space 32768K, 0% used [0x00000000d6580000,0x00000000d6580000,0x00000000d8580000)
  from space 5120K, 0% used [0x00000000d8a80000,0x00000000d8a80000,0x00000000d8f80000)
  to   space 5120K, 0% used [0x00000000d8580000,0x00000000d8580000,0x00000000d8a80000)
 ParOldGen       total 48128K, used 2234K [0x0000000083000000, 0x0000000085f00000, 0x00000000d6580000)
  object space 48128K, 4% used [0x0000000083000000,0x000000008322e998,0x0000000085f00000)
 Metaspace       used 8655K, capacity 8788K, committed 8832K, reserved 1058816K
  class space    used 1071K, capacity 1144K, committed 1152K, reserved 1048576K
}
Event: 4.340 GC heap before
{Heap before GC invocations=4 (full 1):
 PSYoungGen      total 37888K, used 32768K [0x00000000d6580000, 0x00000000d8f80000, 0x0000000100000000)
  eden space 32768K, 100% used [0x00000000d6580000,0x00000000d8580000,0x00000000d8580000)
  from space 5120K, 0% used [0x00000000d8a80000,0x00000000d8a80000,0x00000000d8f80000)
  to   space 5120K, 0% used [0x00000000d8580000,0x00000000d8580000,0x00000000d8a80000)
 ParOldGen       total 48128K, used 2234K [0x0000000083000000, 0x0000000085f00000, 0x00000000d6580000)
  object space 48128K, 4% used [0x0000000083000000,0x000000008322e998,0x0000000085f00000)
 Metaspace       used 12330K, capacity 12518K, committed 12672K, reserved 1060864K
  class space    used 1547K, capacity 1637K, committed 1664K, reserved 1048576K
Event: 4.352 GC heap after
Heap after GC invocations=4 (full 1):
 PSYoungGen      total 37888K, used 5088K [0x00000000d6580000, 0x00000000da200000, 0x0000000100000000)
  eden space 32768K, 0% used [0x00000000d6580000,0x00000000d6580000,0x00000000d8580000)
  from space 5120K, 99% used [0x00000000d8580000,0x00000000d8a781f8,0x00000000d8a80000)
  to   space 5120K, 0% used [0x00000000d9d00000,0x00000000d9d00000,0x00000000da200000)
 ParOldGen       total 48128K, used 2713K [0x0000000083000000, 0x0000000085f00000, 0x00000000d6580000)
  object space 48128K, 5% used [0x0000000083000000,0x00000000832a6580,0x0000000085f00000)
 Metaspace       used 12330K, capacity 12518K, committed 12672K, reserved 1060864K
  class space    used 1547K, capacity 1637K, committed 1664K, reserved 1048576K
}

Deoptimization events (10 events):
Event: 4.831 Thread 0x0000000002a8e800 Uncommon trap: reason=class_check action=maybe_recompile pc=0x000000000300f4c4 method=java.util.HashMap.putVal(ILjava/lang/Object;Ljava/lang/Object;ZZ)Ljava/lang/Object; @ 203
Event: 5.115 Thread 0x0000000002a8e800 Uncommon trap: reason=unstable_if action=reinterpret pc=0x0000000002ee4608 method=java.lang.AbstractStringBuilder.append(Ljava/lang/String;)Ljava/lang/AbstractStringBuilder; @ 1
Event: 5.115 Thread 0x0000000002a8e800 Uncommon trap: reason=unstable_if action=reinterpret pc=0x0000000002e978c4 method=java.lang.AbstractStringBuilder.append(Ljava/lang/String;)Ljava/lang/AbstractStringBuilder; @ 1
Event: 5.144 Thread 0x0000000002a8e800 Uncommon trap: reason=unstable_if action=reinterpret pc=0x0000000002e54908 method=java.lang.String.startsWith(Ljava/lang/String;I)Z @ 25
Event: 5.190 Thread 0x0000000002a8e800 Uncommon trap: reason=unstable_if action=reinterpret pc=0x0000000002e9b330 method=java.lang.String.replace(CC)Ljava/lang/String; @ 2
Event: 5.232 Thread 0x0000000002a8e800 Uncommon trap: reason=class_check action=maybe_recompile pc=0x000000000300f4c4 method=java.util.HashMap.putVal(ILjava/lang/Object;Ljava/lang/Object;ZZ)Ljava/lang/Object; @ 203
Event: 5.232 Thread 0x0000000002a8e800 Uncommon trap: reason=class_check action=maybe_recompile pc=0x000000000300f4c4 method=java.util.HashMap.putVal(ILjava/lang/Object;Ljava/lang/Object;ZZ)Ljava/lang/Object; @ 203
Event: 5.384 Thread 0x0000000002a8e800 Uncommon trap: reason=unstable_if action=reinterpret pc=0x000000000322d274 method=java.lang.reflect.AccessibleObject.setAccessible0(Ljava/lang/reflect/AccessibleObject;Z)V @ 4
Event: 5.455 Thread 0x0000000002a8e800 Uncommon trap: reason=unstable_if action=reinterpret pc=0x0000000002fc07a4 method=org.codehaus.plexus.util.xml.pull.MXParser.nextImpl()I @ 1161
Event: 5.456 Thread 0x0000000002a8e800 Uncommon trap: reason=unstable_if action=reinterpret pc=0x0000000002f55b44 method=sun.nio.cs.UTF_8$Decoder.decodeArrayLoop(Ljava/nio/ByteBuffer;Ljava/nio/CharBuffer;)Ljava/nio/charset/CoderResult; @ 84

Classes redefined (0 events):
No events

Internal exceptions (10 events):
Event: 4.648 Thread 0x0000000002a8e800 Exception <a 'java/lang/NoClassDefFoundError'> (0x00000000d69e5850) thrown at [C:\re\workspace\8-2-build-windows-amd64-cygwin\jdk8u201\12322\hotspot\src\share\vm\prims\jvm.cpp, line 1506]
Event: 4.648 Thread 0x0000000002a8e800 Exception <a 'java/lang/NoClassDefFoundError': javax/annotation/Priority> (0x00000000d69ecca8) thrown at [C:\re\workspace\8-2-build-windows-amd64-cygwin\jdk8u201\12322\hotspot\src\share\vm\classfile\systemDictionary.cpp, line 199]
Event: 5.005 Thread 0x0000000002a8e800 Exception <a 'java/lang/NullPointerException'> (0x00000000d6ed4f10) thrown at [C:\re\workspace\8-2-build-windows-amd64-cygwin\jdk8u201\12322\hotspot\src\share\vm\interpreter\linkResolver.cpp, line 1185]
Event: 5.006 Thread 0x0000000002a8e800 Exception <a 'java/lang/NullPointerException'> (0x00000000d6ed5128) thrown at [C:\re\workspace\8-2-build-windows-amd64-cygwin\jdk8u201\12322\hotspot\src\share\vm\interpreter\linkResolver.cpp, line 1185]
Event: 5.006 Thread 0x0000000002a8e800 Exception <a 'java/lang/NullPointerException'> (0x00000000d6ed5340) thrown at [C:\re\workspace\8-2-build-windows-amd64-cygwin\jdk8u201\12322\hotspot\src\share\vm\interpreter\linkResolver.cpp, line 1185]
Event: 5.007 Thread 0x0000000002a8e800 Exception <a 'java/lang/NullPointerException'> (0x00000000d6edf030) thrown at [C:\re\workspace\8-2-build-windows-amd64-cygwin\jdk8u201\12322\hotspot\src\share\vm\interpreter\linkResolver.cpp, line 1185]
Event: 5.007 Thread 0x0000000002a8e800 Exception <a 'java/lang/NullPointerException'> (0x00000000d6edf248) thrown at [C:\re\workspace\8-2-build-windows-amd64-cygwin\jdk8u201\12322\hotspot\src\share\vm\interpreter\linkResolver.cpp, line 1185]
Event: 5.007 Thread 0x0000000002a8e800 Exception <a 'java/lang/NullPointerException'> (0x00000000d6edf460) thrown at [C:\re\workspace\8-2-build-windows-amd64-cygwin\jdk8u201\12322\hotspot\src\share\vm\interpreter\linkResolver.cpp, line 1185]
Event: 5.115 Thread 0x0000000002a8e800 Implicit null exception at 0x0000000002ee4256 to 0x0000000002ee45f1
Event: 5.115 Thread 0x0000000002a8e800 Implicit null exception at 0x0000000002e97516 to 0x0000000002e978ad

Events (10 events):
Event: 5.396 loading class org/apache/maven/model/Site
Event: 5.396 loading class org/apache/maven/model/Site done
Event: 5.444 loading class org/apache/maven/model/ActivationFile
Event: 5.444 loading class org/apache/maven/model/ActivationFile done
Event: 5.455 Thread 0x0000000002a8e800 Uncommon trap: trap_request=0xffffff65 fr.pc=0x0000000002fc07a4
Event: 5.455 Thread 0x0000000002a8e800 DEOPT PACKING pc=0x0000000002fc07a4 sp=0x0000000002b8dba0
Event: 5.455 Thread 0x0000000002a8e800 DEOPT UNPACKING pc=0x0000000002cd583b sp=0x0000000002b8db08 mode 2
Event: 5.456 Thread 0x0000000002a8e800 Uncommon trap: trap_request=0xffffff65 fr.pc=0x0000000002f55b44
Event: 5.456 Thread 0x0000000002a8e800 DEOPT PACKING pc=0x0000000002f55b44 sp=0x0000000002b8d810
Event: 5.456 Thread 0x0000000002a8e800 DEOPT UNPACKING pc=0x0000000002cd583b sp=0x0000000002b8d758 mode 2


Dynamic libraries:
0x00007ff602480000 - 0x00007ff6024b7000 	C:\Program Files\Java\jre1.8.0_201\bin\javaw.exe
0x00007ff9441f0000 - 0x00007ff9443e8000 	C:\Windows\SYSTEM32\ntdll.dll
0x00007ff9440f0000 - 0x00007ff9441af000 	C:\Windows\System32\KERNEL32.DLL
0x00007ff9419d0000 - 0x00007ff941ca2000 	C:\Windows\System32\KERNELBASE.dll
0x00007ff943fe0000 - 0x00007ff94408e000 	C:\Windows\System32\ADVAPI32.dll
0x00007ff943380000 - 0x00007ff94341e000 	C:\Windows\System32\msvcrt.dll
0x00007ff942380000 - 0x00007ff94241c000 	C:\Windows\System32\sechost.dll
0x00007ff943d90000 - 0x00007ff943eb5000 	C:\Windows\System32\RPCRT4.dll
0x00007ff942b70000 - 0x00007ff942d0d000 	C:\Windows\System32\USER32.dll
0x00007ff9418f0000 - 0x00007ff941912000 	C:\Windows\System32\win32u.dll
0x00007ff943130000 - 0x00007ff94315b000 	C:\Windows\System32\GDI32.dll
0x00007ff941f60000 - 0x00007ff94206f000 	C:\Windows\System32\gdi32full.dll
0x00007ff9421a0000 - 0x00007ff94223d000 	C:\Windows\System32\msvcp_win.dll
0x00007ff942070000 - 0x00007ff942170000 	C:\Windows\System32\ucrtbase.dll
0x00007ff928250000 - 0x00007ff9284ea000 	C:\Windows\WinSxS\amd64_microsoft.windows.common-controls_6595b64144ccf1df_6.0.19041.1110_none_60b5254171f9507e\COMCTL32.dll
0x00007ff943f80000 - 0x00007ff943fb2000 	C:\Windows\System32\IMM32.DLL
0x0000000059440000 - 0x0000000059511000 	C:\Program Files\Java\jre1.8.0_201\bin\msvcr100.dll
0x0000000059790000 - 0x000000005a034000 	C:\Program Files\Java\jre1.8.0_201\bin\server\jvm.dll
0x00007ff9422c0000 - 0x00007ff9422c8000 	C:\Windows\System32\PSAPI.DLL
0x00007ff92d930000 - 0x00007ff92d939000 	C:\Windows\SYSTEM32\WSOCK32.dll
0x00007ff9430c0000 - 0x00007ff94312b000 	C:\Windows\System32\WS2_32.dll
0x00007ff938440000 - 0x00007ff93844a000 	C:\Windows\SYSTEM32\VERSION.dll
0x00007ff92cf60000 - 0x00007ff92cf87000 	C:\Windows\SYSTEM32\WINMM.dll
0x00007ff93c7d0000 - 0x00007ff93c7df000 	C:\Program Files\Java\jre1.8.0_201\bin\verify.dll
0x00007ff90f820000 - 0x00007ff90f849000 	C:\Program Files\Java\jre1.8.0_201\bin\java.dll
0x00007ff921c70000 - 0x00007ff921c86000 	C:\Program Files\Java\jre1.8.0_201\bin\zip.dll
0x00007ff942420000 - 0x00007ff942b63000 	C:\Windows\System32\SHELL32.dll
0x00007ff93f950000 - 0x00007ff9400e2000 	C:\Windows\SYSTEM32\windows.storage.dll
0x00007ff943420000 - 0x00007ff943774000 	C:\Windows\System32\combase.dll
0x00007ff941180000 - 0x00007ff9411b0000 	C:\Windows\SYSTEM32\Wldp.dll
0x00007ff943810000 - 0x00007ff9438bd000 	C:\Windows\System32\SHCORE.dll
0x00007ff943f20000 - 0x00007ff943f75000 	C:\Windows\System32\shlwapi.dll
0x00007ff941830000 - 0x00007ff94184f000 	C:\Windows\SYSTEM32\profapi.dll
0x00007ff941240000 - 0x00007ff941258000 	C:\Windows\SYSTEM32\CRYPTSP.dll
0x00007ff9408b0000 - 0x00007ff9408e4000 	C:\Windows\system32\rsaenh.dll
0x00007ff942170000 - 0x00007ff942197000 	C:\Windows\System32\bcrypt.dll
0x00007ff9417b0000 - 0x00007ff9417de000 	C:\Windows\SYSTEM32\USERENV.dll
0x00007ff941d20000 - 0x00007ff941da2000 	C:\Windows\System32\bcryptprimitives.dll
0x00007ff9411b0000 - 0x00007ff9411bc000 	C:\Windows\SYSTEM32\CRYPTBASE.dll
0x00007ff911e60000 - 0x00007ff911e7a000 	C:\Program Files\Java\jre1.8.0_201\bin\net.dll
0x00007ff931540000 - 0x00007ff93172d000 	C:\Windows\SYSTEM32\urlmon.dll
0x00007ff92fa00000 - 0x00007ff92fcb1000 	C:\Windows\SYSTEM32\iertutil.dll
0x00007ff92fcc0000 - 0x00007ff92fce8000 	C:\Windows\SYSTEM32\srvcli.dll
0x00007ff940d90000 - 0x00007ff940d9c000 	C:\Windows\SYSTEM32\netutils.dll
0x00007ff940f70000 - 0x00007ff940fda000 	C:\Windows\system32\mswsock.dll
0x00007ff940c80000 - 0x00007ff940cbb000 	C:\Windows\SYSTEM32\IPHLPAPI.DLL
0x00007ff943240000 - 0x00007ff943248000 	C:\Windows\System32\NSI.dll
0x00007ff93a2c0000 - 0x00007ff93a2d7000 	C:\Windows\SYSTEM32\dhcpcsvc6.DLL
0x00007ff939bb0000 - 0x00007ff939bcd000 	C:\Windows\SYSTEM32\dhcpcsvc.DLL
0x00007ff940cc0000 - 0x00007ff940d8a000 	C:\Windows\SYSTEM32\DNSAPI.dll
0x00007ff911b00000 - 0x00007ff911b11000 	C:\Program Files\Java\jre1.8.0_201\bin\nio.dll
0x00007ff93c860000 - 0x00007ff93c86a000 	C:\Users\NDH00862\AppData\Local\Temp\jansi-1.17.1-17106592905685566.dll

VM Arguments:
jvm_args: -Dmaven.home=EMBEDDED -Dclassworlds.conf=C:\Users\NDH00862\Documents\SpringTools\.metadata\.plugins\org.eclipse.m2e.launching\launches\m2conf1387506140455571159.tmp -Dmaven.multiModuleProjectDirectory=C:\Users\NDH00862\Documents\SpringTools\AssetManagementSyastemIB0123 -Djansi.force=true -Djansi.passthrough=true -Dfile.encoding=Cp1252 -Xbootclasspath:C:\Program Files\Java\jre1.8.0_201\lib\resources.jar;C:\Program Files\Java\jre1.8.0_201\lib\rt.jar;C:\Program Files\Java\jre1.8.0_201\lib\jsse.jar;C:\Program Files\Java\jre1.8.0_201\lib\jce.jar;C:\Program Files\Java\jre1.8.0_201\lib\charsets.jar;C:\Program Files\Java\jre1.8.0_201\lib\jfr.jar;C:\Users\NDH00862\Downloads\tools-1.6.0.jar\tools.jar 
java_command: org.codehaus.plexus.classworlds.launcher.Launcher -Ppom.xml -B clean -Dstyle.color=always
java_class_path (initial): C:\Users\NDH00862\Desktop\New folder (2)\plugins\org.eclipse.m2e.maven.runtime_1.12.0.20190628-1133\jars\plexus-classworlds-2.6.0.jar
Launcher Type: SUN_STANDARD

Environment Variables:
PATH=C:/Program Files/Java/jre1.8.0_201/bin/server;C:/Program Files/Java/jre1.8.0_201/bin;C:/Program Files/Java/jre1.8.0_201/lib/amd64;C:\Python311\Scripts\;C:\Python311\;C:\Program Files (x86)\Common Files\Oracle\Java\javapath;C:\Windows\system32;C:\Windows;C:\Windows\System32\Wbem;C:\Windows\System32\WindowsPowerShell\v1.0\;C:\Windows\System32\OpenSSH\;C:\Program Files\SafeNet\Authentication\SAC\x64;C:\Program Files\SafeNet\Authentication\SAC\x32;C:\Program Files (x86)\Microsoft SQL Server\150\DTS\Binn\;C:\Program Files\Azure Data Studio\bin;C:\ProgramData\chocolatey\bin;C:\Program Files\dotnet\;C:\Program Files (x86)\Microsoft SQL Server\140\Tools\Binn\;C:\Program Files\Microsoft SQL Server\140\Tools\Binn\;C:\Program Files (x86)\Microsoft SQL Server\140\DTS\Binn\;C:\Program Files\Microsoft SQL Server\140\DTS\Binn\;C:\Program Files\Microsoft SQL Server\Client SDK\ODBC\130\Tools\Binn\;C:\Program Files (x86)\nodejs\;C:\Users\NDH00862\AppData\Local\Microsoft\WindowsApps;C:\Users\NDH00862\AppData\Local\Programs\Git\cmd;C:\Users\NDH00862\AppData\Local\Programs\Microsoft VS Code\bin;C:\Users\NDH00862\AppData\Roaming\npm;C:\Users\NDH00862\Desktop\New folder (2);
USERNAME=NDH00862
OS=Windows_NT
PROCESSOR_IDENTIFIER=Intel64 Family 6 Model 142 Stepping 12, GenuineIntel



---------------  S Y S T E M  ---------------

OS: Windows 10.0 , 64 bit Build 19041 (10.0.19041.2251)

CPU:total 8 (initial active 8) (4 cores per cpu, 2 threads per core) family 6 model 142 stepping 12, cmov, cx8, fxsr, mmx, sse, sse2, sse3, ssse3, sse4.1, sse4.2, popcnt, avx, avx2, aes, clmul, erms, 3dnowpref, lzcnt, ht, tsc, tscinvbit, bmi1, bmi2, adx

Memory: 4k page, physical 8190240k(454732k free), swap 33356064k(4628k free)

vm_info: Java HotSpot(TM) 64-Bit Server VM (25.201-b09) for windows-amd64 JRE (1.8.0_201-b09), built on Dec 15 2018 18:36:39 by "java_re" with MS VC++ 10.0 (VS2010)

time: Mon Jan 09 15:29:36 2023
timezone: India Standard Time
elapsed time: 5 seconds (0d 0h 0m 5s)

